[Licensing::Module] Trying to connect to existing licensing client channel...
Built from '6000.2/staging' branch; Version is '6000.2.13f1 (abdb44fca7f7) revision 11262788'; Using compiler version '194234433'; Build Type 'Release'
[Licensing::IpcConnector] Successfully connected to: "LicenseClient-Lenovo" at "2025-12-08T07:14:42.6987214Z"
OS: 'Windows 11  (10.0.26200) 64bit Core' Language: 'ru' Physical Memory: 28356 MB
BatchMode: 1, IsHumanControllingUs: 0, StartBugReporterOnCrash: 0, Is64bit: 1
Date: 2025-12-08T07:14:42Z

COMMAND LINE ARGUMENTS:
D:\unity\unity\6000.2.13f1\Editor\Unity.exe
-adb2
-batchMode
-noUpm
-name
AssetImportWorker3
-projectPath
D:/unity projects/Bee-Swarm-Simulator-ne-svoroval-chestno-2
-logFile
Logs/AssetImportWorker3.log
-srvPort
49338
-licensingIpc
LicenseClient-Lenovo
-job-worker-count
7
-background-job-worker-count
8
-gc-helper-count
1
-name
AssetImport
Successfully changed project path to: D:/unity projects/Bee-Swarm-Simulator-ne-svoroval-chestno-2
D:/unity projects/Bee-Swarm-Simulator-ne-svoroval-chestno-2
[UnityMemory] Configuration Parameters - Can be set up in boot.config
    "memorysetup-allocator-temp-initial-block-size-main=262144"
    "memorysetup-allocator-temp-initial-block-size-worker=262144"
    "memorysetup-bucket-allocator-granularity=16"
    "memorysetup-bucket-allocator-bucket-count=8"
    "memorysetup-bucket-allocator-block-size=33554432"
    "memorysetup-bucket-allocator-block-count=8"
    "memorysetup-main-allocator-block-size=16777216"
    "memorysetup-thread-allocator-block-size=16777216"
    "memorysetup-gfx-main-allocator-block-size=16777216"
    "memorysetup-gfx-thread-allocator-block-size=16777216"
    "memorysetup-cache-allocator-block-size=4194304"
    "memorysetup-typetree-allocator-block-size=2097152"
    "memorysetup-profiler-bucket-allocator-granularity=16"
    "memorysetup-profiler-bucket-allocator-bucket-count=8"
    "memorysetup-profiler-bucket-allocator-block-size=33554432"
    "memorysetup-profiler-bucket-allocator-block-count=8"
    "memorysetup-profiler-allocator-block-size=16777216"
    "memorysetup-profiler-editor-allocator-block-size=1048576"
    "memorysetup-temp-allocator-size-main=16777216"
    "memorysetup-job-temp-allocator-block-size=2097152"
    "memorysetup-job-temp-allocator-block-size-background=1048576"
    "memorysetup-job-temp-allocator-reduction-small-platforms=262144"
    "memorysetup-temp-allocator-size-background-worker=32768"
    "memorysetup-temp-allocator-size-job-worker=262144"
    "memorysetup-temp-allocator-size-preload-manager=33554432"
    "memorysetup-temp-allocator-size-nav-mesh-worker=65536"
    "memorysetup-temp-allocator-size-audio-worker=65536"
    "memorysetup-temp-allocator-size-cloud-worker=32768"
    "memorysetup-temp-allocator-size-gi-baking-worker=262144"
    "memorysetup-temp-allocator-size-gi-baking-worker=262144"
    "memorysetup-temp-allocator-size-gi-baking-worker=262144"
    "memorysetup-temp-allocator-size-gi-baking-worker=262144"
    "memorysetup-temp-allocator-size-gi-baking-worker=262144"
    "memorysetup-temp-allocator-size-gfx=262144"
Player connection [29208]  Target information:

Player connection [29208]  * "[IP] 26.43.43.209 [Port] 0 [Flags] 2 [Guid] 855281188 [EditorId] 855281188 [Version] 1048832 [Id] WindowsEditor(7,DESKTOP-R70M3ON) [Debug] 1 [PackageName] WindowsEditor [ProjectName] Editor" 

Player connection [29208]  * "[IP] 172.19.64.1 [Port] 0 [Flags] 2 [Guid] 855281188 [EditorId] 855281188 [Version] 1048832 [Id] WindowsEditor(7,DESKTOP-R70M3ON) [Debug] 1 [PackageName] WindowsEditor [ProjectName] Editor" 

Player connection [29208] Host joined multi-casting on [225.0.0.222:54997]...
Player connection [29208] Host joined alternative multi-casting on [225.0.0.222:34997]...
JobSystem: Creating JobQueue using job-worker-count value 7
Input System module state changed to: Initialized.
[Physics::Module] Initialized fallback backend.
[Physics::Module] Id: 0xdecafbad
Library Redirect Path: Library/
[Physics::Module] Selected backend.
[Physics::Module] Name: PhysX
[Physics::Module] Id: 0xf2b8ea05
[Physics::Module] SDK Version: 4.1.2
[Physics::Module] Integration Version: 1.0.0
[Physics::Module] Threading Mode: Multi-Threaded
Refreshing native plugins compatible for Editor in 2.17 ms, found 3 plugins.
Preloading 0 native plugins for Editor in 0.00 ms.
Initialize engine version: 6000.2.13f1 (abdb44fca7f7)
[Subsystems] Discovering subsystems at path D:/unity/unity/6000.2.13f1/Editor/Data/Resources/UnitySubsystems
[Subsystems] Discovering subsystems at path D:/unity projects/Bee-Swarm-Simulator-ne-svoroval-chestno-2/Assets
GfxDevice: creating device client; kGfxThreadingModeNonThreaded
Direct3D:
    Version:  Direct3D 11.0 [level 11.1]
    Renderer: AMD RadeonT 780M (ID=0x15bf)
    Vendor:   ATI
    VRAM:     14178 MB
    Driver:   32.0.11039.5001
Initialize mono
Mono path[0] = 'D:/unity/unity/6000.2.13f1/Editor/Data/Managed'
Mono path[1] = 'D:/unity/unity/6000.2.13f1/Editor/Data/MonoBleedingEdge/lib/mono/unityjit-win32'
Mono config path = 'D:/unity/unity/6000.2.13f1/Editor/Data/MonoBleedingEdge/etc'
Using monoOptions --debugger-agent=transport=dt_socket,embedding=1,server=y,suspend=n,address=127.0.0.1:56552
Begin MonoManager ReloadAssembly
Registering precompiled unity dll's ...
Register platform support module: D:/unity/unity/6000.2.13f1/Editor/Data/PlaybackEngines/WindowsStandaloneSupport/UnityEditor.WindowsStandalone.Extensions.dll
Registered in 0.001529 seconds.
- Loaded All Assemblies, in  0.829 seconds
Native extension for WindowsStandalone target not found
Mono: successfully reloaded assembly
- Finished resetting the current domain, in  0.834 seconds
Domain Reload Profiling: 1658ms
	BeginReloadAssembly (271ms)
		ExecutionOrderSort (0ms)
		DisableScriptedObjects (0ms)
		BackupInstance (0ms)
		ReleaseScriptingObjects (0ms)
		CreateAndSetChildDomain (1ms)
	RebuildCommonClasses (81ms)
	RebuildNativeTypeToScriptingClass (22ms)
	initialDomainReloadingComplete (99ms)
	LoadAllAssembliesAndSetupDomain (351ms)
		LoadAssemblies (269ms)
		RebuildTransferFunctionScriptingTraits (0ms)
		AnalyzeDomain (345ms)
			TypeCache.Refresh (342ms)
				TypeCache.ScanAssembly (317ms)
			BuildScriptInfoCaches (0ms)
			ResolveRequiredComponents (1ms)
	FinalizeReload (835ms)
		ReleaseScriptCaches (0ms)
		RebuildScriptCaches (0ms)
		SetupLoadedEditorAssemblies (763ms)
			LogAssemblyErrors (0ms)
			InitializePlatformSupportModulesInManaged (114ms)
			SetLoadedEditorAssemblies (12ms)
			BeforeProcessingInitializeOnLoad (175ms)
			ProcessInitializeOnLoadAttributes (330ms)
			ProcessInitializeOnLoadMethodAttributes (131ms)
			AfterProcessingInitializeOnLoad (0ms)
			EditorAssembliesLoaded (0ms)
		ExecutionOrderSort2 (0ms)
		AwakeInstancesAfterBackupRestoration (0ms)
========================================================================
Worker process is ready to serve import requests
Import Worker Mode flag is 0x00
Begin MonoManager ReloadAssembly
[Licensing::Module] Licensing is not yet initialized.
[Licensing::Client] Error: HandshakeResponse reported an error:
	ResponseCode: 505
	ResponseStatus: Unsupported protocol version '1.17.4'.
[Licensing::Module] Error: Failed to handshake to channel: "LicenseClient-Lenovo"
[Licensing::IpcConnector] LicenseClient-Lenovo channel disconnected successfully.
[Licensing::IpcConnector] Successfully connected to: "LicenseClient-Lenovo-6000.2.13" at "2025-12-08T07:14:45.8233889Z"
[Licensing::Client] Handshaking with LicensingClient:
  Version:                 1.17.4+4293ba1
  Session Id:              6c70e4a217b3487293c5e6f2d8beee07
  Correlation Id:          fcdc42e72d91cd91c4e40295c0554393
  External correlation Id: 8246544721382728331
  Machine Id:              Loa8vhuhDBejtKn3AJkrJE+YZPU=
[Licensing::Module] Successfully connected to LicensingClient on channel: "LicenseClient-Lenovo-6000.2.13" (connect: 0.00s, validation: 0.00s, handshake: 2.52s)
[Licensing::IpcConnector] Successfully connected to: "LicenseClient-Lenovo-6000.2.13-notifications" at "2025-12-08T07:14:48.3427879Z"
[Licensing::Module] Licensing Background thread has ended after 5.65s
[Licensing::Module] Licensing is initialized (took 2.81s).
[Licensing::Client] Successfully resolved entitlement details
[Licensing::Module] License group:
  Id: F4-XJX4-G8UN-ZX9N-AERA-XXXX
  Product: Unity Personal
  Type: ULF
  Expiration: Unlimited
[Licensing::Module] License group:
  Id: 7971672548311-UnityPersXXXX
  Product: Unity Personal
  Type: Assigned
  Expiration: Unlimited
- Loaded All Assemblies, in  3.879 seconds
Refreshing native plugins compatible for Editor in 0.75 ms, found 3 plugins.
Native extension for WindowsStandalone target not found
Package Manager log level set to [2]
[Package Manager] Failed to launch server process. Reason: Unity was launched with the -noUpm command-line argument
[Package Manager] Unable to send message (not connected to server process).
[Package Manager] Cannot connect to Unity Package Manager local server
Mono: successfully reloaded assembly
- Finished resetting the current domain, in  0.952 seconds
Domain Reload Profiling: 4832ms
	BeginReloadAssembly (3114ms)
		ExecutionOrderSort (0ms)
		DisableScriptedObjects (10ms)
		BackupInstance (0ms)
		ReleaseScriptingObjects (0ms)
		CreateAndSetChildDomain (63ms)
	RebuildCommonClasses (79ms)
	RebuildNativeTypeToScriptingClass (30ms)
	initialDomainReloadingComplete (60ms)
	LoadAllAssembliesAndSetupDomain (595ms)
		LoadAssemblies (448ms)
		RebuildTransferFunctionScriptingTraits (0ms)
		AnalyzeDomain (303ms)
			TypeCache.Refresh (249ms)
				TypeCache.ScanAssembly (226ms)
			BuildScriptInfoCaches (44ms)
			ResolveRequiredComponents (6ms)
	FinalizeReload (953ms)
		ReleaseScriptCaches (0ms)
		RebuildScriptCaches (0ms)
		SetupLoadedEditorAssemblies (746ms)
			LogAssemblyErrors (0ms)
			InitializePlatformSupportModulesInManaged (2ms)
			SetLoadedEditorAssemblies (7ms)
			BeforeProcessingInitializeOnLoad (182ms)
			ProcessInitializeOnLoadAttributes (492ms)
			ProcessInitializeOnLoadMethodAttributes (60ms)
			AfterProcessingInitializeOnLoad (2ms)
			EditorAssembliesLoaded (0ms)
		ExecutionOrderSort2 (0ms)
		AwakeInstancesAfterBackupRestoration (13ms)
Launched and connected shader compiler UnityShaderCompiler.exe after 0.02 seconds
Refreshing native plugins compatible for Editor in 0.91 ms, found 3 plugins.
Preloading 0 native plugins for Editor in 0.00 ms.
Unloading 0 Unused Serialized files (Serialized files now loaded: 0)
Unloading 3453 unused Assets / (0.9 MB). Loaded Objects now: 3951.
Memory consumption went from 81.3 MB to 80.3 MB.
Total: 9.411900 ms (FindLiveObjects: 0.626300 ms CreateObjectMapping: 0.319800 ms MarkObjects: 7.199000 ms  DeleteObjects: 1.264200 ms)

========================================================================
Received Prepare
Begin MonoManager ReloadAssembly
- Loaded All Assemblies, in  0.870 seconds
Refreshing native plugins compatible for Editor in 1.09 ms, found 3 plugins.
Native extension for WindowsStandalone target not found
[Package Manager] Failed to launch server process. Reason: Unity was launched with the -noUpm command-line argument
[Package Manager] Unable to send message (not connected to server process).
[Package Manager] Cannot connect to Unity Package Manager local server
Mono: successfully reloaded assembly
- Finished resetting the current domain, in  1.001 seconds
Domain Reload Profiling: 1874ms
	BeginReloadAssembly (297ms)
		ExecutionOrderSort (0ms)
		DisableScriptedObjects (13ms)
		BackupInstance (0ms)
		ReleaseScriptingObjects (0ms)
		CreateAndSetChildDomain (74ms)
	RebuildCommonClasses (57ms)
	RebuildNativeTypeToScriptingClass (20ms)
	initialDomainReloadingComplete (36ms)
	LoadAllAssembliesAndSetupDomain (461ms)
		LoadAssemblies (397ms)
		RebuildTransferFunctionScriptingTraits (0ms)
		AnalyzeDomain (215ms)
			TypeCache.Refresh (8ms)
				TypeCache.ScanAssembly (0ms)
			BuildScriptInfoCaches (193ms)
			ResolveRequiredComponents (9ms)
	FinalizeReload (1002ms)
		ReleaseScriptCaches (0ms)
		RebuildScriptCaches (0ms)
		SetupLoadedEditorAssemblies (806ms)
			LogAssemblyErrors (0ms)
			InitializePlatformSupportModulesInManaged (3ms)
			SetLoadedEditorAssemblies (6ms)
			BeforeProcessingInitializeOnLoad (181ms)
			ProcessInitializeOnLoadAttributes (563ms)
			ProcessInitializeOnLoadMethodAttributes (49ms)
			AfterProcessingInitializeOnLoad (3ms)
			EditorAssembliesLoaded (0ms)
		ExecutionOrderSort2 (0ms)
		AwakeInstancesAfterBackupRestoration (13ms)
Refreshing native plugins compatible for Editor in 1.04 ms, found 3 plugins.
Preloading 0 native plugins for Editor in 0.00 ms.
Unloading 0 Unused Serialized files (Serialized files now loaded: 0)
Unloading 3451 unused Assets / (1.0 MB). Loaded Objects now: 3952.
Memory consumption went from 81.3 MB to 80.3 MB.
Total: 11.610600 ms (FindLiveObjects: 0.779200 ms CreateObjectMapping: 0.591300 ms MarkObjects: 8.213200 ms  DeleteObjects: 2.024200 ms)

Prepare: number of updated asset objects reloaded= 0
========================================================================
Received Import Request.
  Time since last request: 557431.263078 seconds.
  path: Assets/HoneyComb_Pivot.prefab
  artifactKey: Guid(2380118536cc27d4f8c09755d821cc85) Importer(815301076,1909f56bfc062723c751e8b465ee728b)
Start importing Assets/HoneyComb_Pivot.prefab using Guid(2380118536cc27d4f8c09755d821cc85) Importer(815301076,1909f56bfc062723c751e8b465ee728b) (PreviewImporter) -> (artifact id: '12837777958ed199f7dedd707fba108b') in 0.2715084 seconds
Number of updated asset objects reloaded before import = 0Number of asset objects unloaded after import = 64

========================================================================
Received Import Request.
  Time since last request: 0.000069 seconds.
  path: Assets/FlowerField.blend
  artifactKey: Guid(32fb4bc350acd8d47a5e3b14f5f180cb) Importer(815301076,1909f56bfc062723c751e8b465ee728b)
Start importing Assets/FlowerField.blend using Guid(32fb4bc350acd8d47a5e3b14f5f180cb) Importer(815301076,1909f56bfc062723c751e8b465ee728b) (PreviewImporter) -> (artifact id: 'f4c056ccaf70f352fbbf8ff060aa305b') in 0.1268194 seconds
Number of updated asset objects reloaded before import = 0Number of asset objects unloaded after import = 10

========================================================================
Received Import Request.
  Time since last request: 0.000149 seconds.
  path: Assets/HoneyComb_Pivot 1.prefab
  artifactKey: Guid(8477105274afbc546a799e8172348694) Importer(815301076,1909f56bfc062723c751e8b465ee728b)
Start importing Assets/HoneyComb_Pivot 1.prefab using Guid(8477105274afbc546a799e8172348694) Importer(815301076,1909f56bfc062723c751e8b465ee728b) (PreviewImporter) -> (artifact id: '47156c089dd6b644d07d8d99762b7071') in 0.0570809 seconds
Number of updated asset objects reloaded before import = 0Number of asset objects unloaded after import = 64

========================================================================
Received Import Request.
  Time since last request: 0.000029 seconds.
  path: Assets/New Material.mat
  artifactKey: Guid(2d97d08923c742a49b85822cc67aeb56) Importer(815301076,1909f56bfc062723c751e8b465ee728b)
Start importing Assets/New Material.mat using Guid(2d97d08923c742a49b85822cc67aeb56) Importer(815301076,1909f56bfc062723c751e8b465ee728b) (PreviewImporter) -> (artifact id: '4844004b2c43f07bfca9b139451e4141') in 0.026247 seconds
Number of updated asset objects reloaded before import = 0Number of asset objects unloaded after import = 1

========================================================================
Received Import Request.
  Time since last request: 0.004808 seconds.
  path: Assets/Honey.mat
  artifactKey: Guid(2f39e63f8b163e048849f24e83687dc0) Importer(815301076,1909f56bfc062723c751e8b465ee728b)
Start importing Assets/Honey.mat using Guid(2f39e63f8b163e048849f24e83687dc0) Importer(815301076,1909f56bfc062723c751e8b465ee728b) (PreviewImporter) -> (artifact id: '3b59c87631181b1a4286433a8afbe77d') in 0.0307645 seconds
Number of updated asset objects reloaded before import = 0Number of asset objects unloaded after import = 1

========================================================================
Received Import Request.
  Time since last request: 0.000025 seconds.
  path: Assets/Pivot.prefab
  artifactKey: Guid(280210a0938709649bc29fcd0f18db91) Importer(815301076,1909f56bfc062723c751e8b465ee728b)
Start importing Assets/Pivot.prefab using Guid(280210a0938709649bc29fcd0f18db91) Importer(815301076,1909f56bfc062723c751e8b465ee728b) (PreviewImporter) -> (artifact id: '6d4fcb5a3aef2c9f74e9664dcf3d19b0') in 0.030149 seconds
Number of updated asset objects reloaded before import = 0Number of asset objects unloaded after import = 64

========================================================================
Received Import Request.
  Time since last request: 0.000028 seconds.
  path: Assets/Jar.prefab
  artifactKey: Guid(293234ab6a09e0749a5ecad2e9603664) Importer(815301076,1909f56bfc062723c751e8b465ee728b)
Start importing Assets/Jar.prefab using Guid(293234ab6a09e0749a5ecad2e9603664) Importer(815301076,1909f56bfc062723c751e8b465ee728b) (PreviewImporter) -> (artifact id: 'dbfa1aef542d7c28c21782c480d5952f') in 0.0326403 seconds
Number of updated asset objects reloaded before import = 0Number of asset objects unloaded after import = 8

========================================================================
Received Import Request.
  Time since last request: 0.000041 seconds.
  path: Assets/JarFilled.fbx
  artifactKey: Guid(aa3fb42f574c51445b2ed121ddba09d4) Importer(815301076,1909f56bfc062723c751e8b465ee728b)
Start importing Assets/JarFilled.fbx using Guid(aa3fb42f574c51445b2ed121ddba09d4) Importer(815301076,1909f56bfc062723c751e8b465ee728b) (PreviewImporter) -> (artifact id: '847005d7ad471592f34e83208df32f7c') in 0.0559743 seconds
Number of updated asset objects reloaded before import = 0Number of asset objects unloaded after import = 14

Editor requested this worker to shutdown with reason: Scaling down because of idle timeout
AssetImportWorker is now disconnected from the server
Process exiting
Exiting without the bug reporter. Application will terminate with return code 0